<?xml version="1.0" encoding="UTF-8"?>
<!-- Generated by org.testng.reporters.JUnitXMLReporter -->
<testsuite ignored="2" hostname="DESKTOP-M3EMIVD" failures="0" tests="1" name="Surefire test" time="102.11" errors="0" timestamp="26 Apr 2025 15:45:23 GMT">
  <testcase classname="com.qa.opencart.tests.HomePageTest" name="homePageTitleTest" time="0.012"/>
  <testcase classname="com.qa.opencart.tests.HomePageTest" name="searchTest" time="0.0">
    <ignored/>
  </testcase> <!-- searchTest -->
  <testcase classname="com.qa.opencart.tests.HomePageTest" name="homePageURLTest" time="0.0">
    <ignored/>
  </testcase> <!-- homePageURLTest -->
</testsuite> <!-- Surefire test -->
