<?xml version="1.0" encoding="UTF-8"?>
<!-- Generated by org.testng.reporters.JUnitXMLReporter -->
<testsuite ignored="0" hostname="192.168.1.7" failures="0" tests="5" name="Open Cart Home Page Test_chrome" time="184.385" errors="0" timestamp="06 Mar 2025 18:13:17 GMT">
  <testcase classname="com.qa.opencart.tests.HomePageTest" name="homePageTitleTest" time="0.072"/>
  <testcase classname="com.qa.opencart.tests.HomePageTest" name="homePageURLTest" time="0.004"/>
  <testcase classname="com.qa.opencart.tests.HomePageTest" name="searchTest" time="5.916"/>
  <testcase classname="com.qa.opencart.tests.HomePageTest" name="searchTest" time="5.446"/>
  <testcase classname="com.qa.opencart.tests.HomePageTest" name="searchTest" time="5.336"/>
</testsuite> <!-- Open Cart Home Page Test_chrome -->
