<?xml version="1.0" encoding="UTF-8"?>
<testng-results ignored="2" total="3" passed="1" failed="0" skipped="0">
  <reporter-output>
  </reporter-output>
  <suite started-at="2025-04-26T15:43:41Z" name="Surefire suite" finished-at="2025-04-26T15:45:23Z" duration-ms="102110">
    <groups>
    </groups>
    <test started-at="2025-04-26T15:43:41Z" name="Surefire test" finished-at="2025-04-26T15:45:23Z" duration-ms="102110">
      <class name="com.qa.opencart.tests.HomePageTest">
        <test-method is-config="true" signature="setup(java.lang.String)[pri:0, instance:com.qa.opencart.tests.HomePageTest@75881071]" started-at="2025-04-26T15:43:41Z" name="setup" finished-at="2025-04-26T15:45:22Z" duration-ms="101817" status="PASS">
          <params>
            <param index="0">
              <value>
                <![CDATA[chrome]]>
              </value>
            </param>
          </params>
          <reporter-output>
          </reporter-output>
        </test-method> <!-- setup -->
        <test-method signature="homePageTitleTest()[pri:0, instance:com.qa.opencart.tests.HomePageTest@75881071]" started-at="2025-04-26T15:45:22Z" name="homePageTitleTest" finished-at="2025-04-26T15:45:22Z" duration-ms="12" status="PASS">
          <reporter-output>
          </reporter-output>
        </test-method> <!-- homePageTitleTest -->
        <test-method is-config="true" signature="tearDown()[pri:0, instance:com.qa.opencart.tests.HomePageTest@75881071]" started-at="2025-04-26T15:45:22Z" name="tearDown" finished-at="2025-04-26T15:45:23Z" duration-ms="268" status="PASS">
          <reporter-output>
          </reporter-output>
        </test-method> <!-- tearDown -->
      </class> <!-- com.qa.opencart.tests.HomePageTest -->
    </test> <!-- Surefire test -->
  </suite> <!-- Surefire suite -->
</testng-results>
