<?xml version="1.0" encoding="UTF-8"?>
<!-- Generated by org.testng.reporters.JUnitReportReporter -->
<testsuite hostname="192.168.1.7" failures="0" tests="5" name="com.qa.opencart.tests.HomePageTest" time="16.774" errors="0" timestamp="06 Mar 2025 18:13:17 GMT" skipped="0">
  <testcase classname="com.qa.opencart.tests.HomePageTest" name="searchTest" time="5.916"/>
  <testcase classname="com.qa.opencart.tests.HomePageTest" name="searchTest" time="5.446"/>
  <testcase classname="com.qa.opencart.tests.HomePageTest" name="searchTest" time="5.336"/>
  <testcase classname="com.qa.opencart.tests.HomePageTest" name="homePageURLTest" time="0.004"/>
  <testcase classname="com.qa.opencart.tests.HomePageTest" name="homePageTitleTest" time="0.072"/>
</testsuite> <!-- com.qa.opencart.tests.HomePageTest -->
